Loading compiler version 2022.2.1
Loading tbb version 2021.7.1
Loading compiler-rt version 2022.2.1
Loading oclfpga version 2022.2.1
  Load "debugger" to debug DPC++ applications with the gdb-oneapi debugger.
  Load "dpl" for additional DPC++ APIs: https://github.com/oneapi-src/oneDPL
   Benchmarking Chain with map=core and np=2
   Benchmarking Chain with map=core and np=3
   Benchmarking Chain with map=core and np=4
   Benchmarking Chain with map=core and np=5
   Benchmarking Chain with map=core and np=6
   Benchmarking Chain with map=core and np=7
   Benchmarking Chain with map=core and np=8
   Benchmarking Chain with map=core and np=9
   Benchmarking Chain with map=core and np=10
   Benchmarking Chain with map=core and np=11
   Benchmarking Chain with map=core and np=12
   Benchmarking Chain with map=core and np=13
   Benchmarking Chain with map=core and np=14
   Benchmarking Chain with map=core and np=15
   Benchmarking Chain with map=core and np=16
   Benchmarking Chain with map=core and np=17
   Benchmarking Chain with map=core and np=18
   Benchmarking Chain with map=core and np=19
   Benchmarking Chain with map=core and np=20
   Benchmarking Chain with map=core and np=21
   Benchmarking Chain with map=core and np=22
   Benchmarking Chain with map=core and np=23
   Benchmarking Chain with map=core and np=24
   Benchmarking Chain with map=core and np=25
   Benchmarking Chain with map=core and np=26
   Benchmarking Chain with map=core and np=27
   Benchmarking Chain with map=core and np=28
   Benchmarking Chain with map=core and np=29
   Benchmarking Chain with map=core and np=30
   Benchmarking Chain with map=core and np=31
   Benchmarking Chain with map=core and np=32
   Benchmarking Chain with map=core and np=33
   Benchmarking Chain with map=core and np=34
   Benchmarking Chain with map=core and np=35
   Benchmarking Chain with map=core and np=36
   Benchmarking Chain with map=core and np=37
   Benchmarking Chain with map=core and np=38
   Benchmarking Chain with map=core and np=39
   Benchmarking Chain with map=core and np=40
   Benchmarking Chain with map=core and np=41
   Benchmarking Chain with map=core and np=42
   Benchmarking Chain with map=core and np=43
   Benchmarking Chain with map=core and np=44
   Benchmarking Chain with map=core and np=45
   Benchmarking Chain with map=core and np=46
   Benchmarking Chain with map=core and np=47
   Benchmarking Chain with map=core and np=48
   Benchmarking Chain with map=socket and np=2
   Benchmarking Chain with map=socket and np=3
   Benchmarking Chain with map=socket and np=4
   Benchmarking Chain with map=socket and np=5
   Benchmarking Chain with map=socket and np=6
   Benchmarking Chain with map=socket and np=7
   Benchmarking Chain with map=socket and np=8
   Benchmarking Chain with map=socket and np=9
   Benchmarking Chain with map=socket and np=10
   Benchmarking Chain with map=socket and np=11
   Benchmarking Chain with map=socket and np=12
   Benchmarking Chain with map=socket and np=13
   Benchmarking Chain with map=socket and np=14
   Benchmarking Chain with map=socket and np=15
   Benchmarking Chain with map=socket and np=16
   Benchmarking Chain with map=socket and np=17
   Benchmarking Chain with map=socket and np=18
   Benchmarking Chain with map=socket and np=19
   Benchmarking Chain with map=socket and np=20
   Benchmarking Chain with map=socket and np=21
   Benchmarking Chain with map=socket and np=22
   Benchmarking Chain with map=socket and np=23
   Benchmarking Chain with map=socket and np=24
   Benchmarking Chain with map=socket and np=25
   Benchmarking Chain with map=socket and np=26
   Benchmarking Chain with map=socket and np=27
   Benchmarking Chain with map=socket and np=28
   Benchmarking Chain with map=socket and np=29
   Benchmarking Chain with map=socket and np=30
   Benchmarking Chain with map=socket and np=31
   Benchmarking Chain with map=socket and np=32
   Benchmarking Chain with map=socket and np=33
   Benchmarking Chain with map=socket and np=34
   Benchmarking Chain with map=socket and np=35
   Benchmarking Chain with map=socket and np=36
   Benchmarking Chain with map=socket and np=37
   Benchmarking Chain with map=socket and np=38
   Benchmarking Chain with map=socket and np=39
   Benchmarking Chain with map=socket and np=40
   Benchmarking Chain with map=socket and np=41
   Benchmarking Chain with map=socket and np=42
   Benchmarking Chain with map=socket and np=43
   Benchmarking Chain with map=socket and np=44
   Benchmarking Chain with map=socket and np=45
   Benchmarking Chain with map=socket and np=46
   Benchmarking Chain with map=socket and np=47
   Benchmarking Chain with map=socket and np=48
   Benchmarking Chain with map=node and np=2
   Benchmarking Chain with map=node and np=3
   Benchmarking Chain with map=node and np=4
   Benchmarking Chain with map=node and np=5
   Benchmarking Chain with map=node and np=6
   Benchmarking Chain with map=node and np=7
   Benchmarking Chain with map=node and np=8
   Benchmarking Chain with map=node and np=9
   Benchmarking Chain with map=node and np=10
   Benchmarking Chain with map=node and np=11
   Benchmarking Chain with map=node and np=12
   Benchmarking Chain with map=node and np=13
   Benchmarking Chain with map=node and np=14
   Benchmarking Chain with map=node and np=15
   Benchmarking Chain with map=node and np=16
   Benchmarking Chain with map=node and np=17
   Benchmarking Chain with map=node and np=18
   Benchmarking Chain with map=node and np=19
   Benchmarking Chain with map=node and np=20
   Benchmarking Chain with map=node and np=21
   Benchmarking Chain with map=node and np=22
   Benchmarking Chain with map=node and np=23
   Benchmarking Chain with map=node and np=24
   Benchmarking Chain with map=node and np=25
   Benchmarking Chain with map=node and np=26
   Benchmarking Chain with map=node and np=27
   Benchmarking Chain with map=node and np=28
   Benchmarking Chain with map=node and np=29
   Benchmarking Chain with map=node and np=30
   Benchmarking Chain with map=node and np=31
   Benchmarking Chain with map=node and np=32
   Benchmarking Chain with map=node and np=33
   Benchmarking Chain with map=node and np=34
   Benchmarking Chain with map=node and np=35
   Benchmarking Chain with map=node and np=36
   Benchmarking Chain with map=node and np=37
   Benchmarking Chain with map=node and np=38
   Benchmarking Chain with map=node and np=39
   Benchmarking Chain with map=node and np=40
   Benchmarking Chain with map=node and np=41
   Benchmarking Chain with map=node and np=42
   Benchmarking Chain with map=node and np=43
   Benchmarking Chain with map=node and np=44
   Benchmarking Chain with map=node and np=45
   Benchmarking Chain with map=node and np=46
   Benchmarking Chain with map=node and np=47
   Benchmarking Chain with map=node and np=48
